Date: 
2023-05-08T16:10:39.687Z 

Action: 
Last Tournament 

Message: 
{
  "id": "JFs1SlUp",
  "createdBy": "swissleague",
  "startsAt": "2023-05-08T11:30:00Z",
  "name": "No Stop Swiss 99",
  "clock": {
    "limit": 300,
    "increment": 3
  },
  "variant": "standard",
  "round": 4,
  "nbRounds": 4,
  "nbPlayers": 8,
  "nbOngoing": 0,
  "status": "finished",
  "stats": {
    "absences": 12,
    "averageRating": 1605,
    "byes": 2,
    "blackWins": 6,
    "games": 9,
    "draws": 2,
    "whiteWins": 10
  },
  "rated": true
}

 ----------------------------------------------
Date: 
2023-05-08T16:10:40.907Z 

Action: 
Create Tournament 

Message: 
{
  "id": "KIVLSyit",
  "createdBy": "swissleague",
  "startsAt": "2023-05-08T16:15:40.749Z",
  "name": "No Stop Swiss 100",
  "clock": {
    "limit": 300,
    "increment": 3
  },
  "variant": "standard",
  "round": 0,
  "nbRounds": 5,
  "nbPlayers": 0,
  "nbOngoing": 0,
  "status": "created",
  "nextRound": {
    "at": "2023-05-08T16:15:40.749Z",
    "in": 300
  },
  "stats": null,
  "rated": true
}

 ----------------------------------------------
Date: 
2023-05-08T16:11:09.664Z 

Action: 
Last Tournament 

Message: 
{
  "id": "KIVLSyit",
  "createdBy": "swissleague",
  "startsAt": "2023-05-08T16:15:40.749Z",
  "name": "No Stop Swiss 100",
  "clock": {
    "limit": 300,
    "increment": 3
  },
  "variant": "standard",
  "round": 0,
  "nbRounds": 5,
  "nbPlayers": 0,
  "nbOngoing": 0,
  "status": "created",
  "nextRound": {
    "at": "2023-05-08T16:15:40.749Z",
    "in": 271
  },
  "stats": null,
  "rated": true
}

 ----------------------------------------------
Date: 
2023-05-08T16:11:10.720Z 

Action: 
Update Tournament 

Message: 
{
  "id": "KIVLSyit",
  "createdBy": "swissleague",
  "startsAt": "2023-05-08T16:15:40.749Z",
  "name": "No Stop Swiss 100",
  "clock": {
    "limit": 300,
    "increment": 3
  },
  "variant": "standard",
  "round": 0,
  "nbRounds": 3,
  "nbPlayers": 0,
  "nbOngoing": 0,
  "status": "created",
  "nextRound": {
    "at": "2023-05-08T16:15:40.749Z",
    "in": 270
  },
  "stats": null,
  "rated": true
}

 ----------------------------------------------
